# JRE version: OpenJDK Runtime Environment Temurin-17.0.17+10 (17.0.17+10) (build 17.0.17+10)
# Java VM: OpenJDK 64-Bit Server VM Temurin-17.0.17+10 (17.0.17+10, mixed mode, sharing, tiered, compressed oops, compressed class ptrs, g1 gc, windows-amd64)
GC Precious Log:
 CPUs: 8 total, 8 available
 Memory: 8048M
 Large Page Support: Disabled
 NUMA Support: Disabled
 Compressed Oops: Enabled (32-bit)
 Heap Region Size: 1M
 Heap Min Capacity: 8M
 Heap Initial Capacity: 126M
 Heap Max Capacity: 2014M
 Pre-touch: Disabled
 Parallel Workers: 8
 Concurrent Workers: 2
 Concurrent Refinement Workers: 8
 Periodic GC: Disabled
Heap:
 garbage-first heap   total 87040K, used 46223K [0x0000000082200000, 0x0000000100000000)
  region size 1024K, 30 young (30720K), 3 survivors (3072K)
 Metaspace       used 31046K, committed 31360K, reserved 1114112K
  class space    used 4134K, committed 4288K, reserved 1048576K
GC Heap History (14 events):
Event: 0.867 GC heap before
{Heap before GC invocations=0 (full 0):
 garbage-first heap   total 129024K, used 24576K [0x0000000082200000, 0x0000000100000000)
  region size 1024K, 23 young (23552K), 0 survivors (0K)
 Metaspace       used 4590K, committed 4736K, reserved 1114112K
  class space    used 533K, committed 640K, reserved 1048576K
}
Event: 0.877 GC heap after
{Heap after GC invocations=1 (full 0):
 garbage-first heap   total 129024K, used 9408K [0x0000000082200000, 0x0000000100000000)
  region size 1024K, 3 young (3072K), 3 survivors (3072K)
 Metaspace       used 4590K, committed 4736K, reserved 1114112K
  class space    used 533K, committed 640K, reserved 1048576K
}
Event: 1.477 GC heap before
{Heap before GC invocations=1 (full 0):
 garbage-first heap   total 129024K, used 32960K [0x0000000082200000, 0x0000000100000000)
  region size 1024K, 26 young (26624K), 3 survivors (3072K)
 Metaspace       used 10196K, committed 10496K, reserved 1114112K
  class space    used 1274K, committed 1408K, reserved 1048576K
}
Event: 1.484 GC heap after
{Heap after GC invocations=2 (full 0):
 garbage-first heap   total 129024K, used 11178K [0x0000000082200000, 0x0000000100000000)
  region size 1024K, 2 young (2048K), 2 survivors (2048K)
 Metaspace       used 10196K, committed 10496K, reserved 1114112K
  class space    used 1274K, committed 1408K, reserved 1048576K
}
Event: 2.702 GC heap before
{Heap before GC invocations=2 (full 0):
 garbage-first heap   total 129024K, used 59306K [0x0000000082200000, 0x0000000100000000)
  region size 1024K, 49 young (50176K), 2 survivors (2048K)
 Metaspace       used 19240K, committed 19520K, reserved 1114112K
  class space    used 2664K, committed 2816K, reserved 1048576K
}
Event: 2.710 GC heap after
{Heap after GC invocations=3 (full 0):
 garbage-first heap   total 129024K, used 14284K [0x0000000082200000, 0x0000000100000000)
  region size 1024K, 5 young (5120K), 5 survivors (5120K)
 Metaspace       used 19240K, committed 19520K, reserved 1114112K
  class space    used 2664K, committed 2816K, reserved 1048576K
}
Event: 2.853 GC heap before
{Heap before GC invocations=3 (full 0):
 garbage-first heap   total 129024K, used 25548K [0x0000000082200000, 0x0000000100000000)
  region size 1024K, 17 young (17408K), 5 survivors (5120K)
 Metaspace       used 21284K, committed 21504K, reserved 1114112K
  class space    used 2850K, committed 2944K, reserved 1048576K
}
Event: 2.859 GC heap after
{Heap after GC invocations=4 (full 0):
 garbage-first heap   total 129024K, used 15355K [0x0000000082200000, 0x0000000100000000)
  region size 1024K, 6 young (6144K), 6 survivors (6144K)
 Metaspace       used 21284K, committed 21504K, reserved 1114112K
  class space    used 2850K, committed 2944K, reserved 1048576K
}
Event: 3.414 GC heap before
{Heap before GC invocations=5 (full 0):
 garbage-first heap   total 58368K, used 43003K [0x0000000082200000, 0x0000000100000000)
  region size 1024K, 34 young (34816K), 6 survivors (6144K)
 Metaspace       used 25582K, committed 25920K, reserved 1114112K
  class space    used 3404K, committed 3584K, reserved 1048576K
}
Event: 3.423 GC heap after
{Heap after GC invocations=6 (full 0):
 garbage-first heap   total 58368K, used 17670K [0x0000000082200000, 0x0000000100000000)
  region size 1024K, 4 young (4096K), 4 survivors (4096K)
 Metaspace       used 25582K, committed 25920K, reserved 1114112K
  class space    used 3404K, committed 3584K, reserved 1048576K
}
Event: 3.451 GC heap before
{Heap before GC invocations=6 (full 0):
 garbage-first heap   total 58368K, used 17670K [0x0000000082200000, 0x0000000100000000)
  region size 1024K, 5 young (5120K), 4 survivors (4096K)
 Metaspace       used 25719K, committed 26048K, reserved 1114112K
  class space    used 3418K, committed 3584K, reserved 1048576K
}
Event: 3.456 GC heap after
{Heap after GC invocations=7 (full 0):
 garbage-first heap   total 58368K, used 17917K [0x0000000082200000, 0x0000000100000000)
  region size 1024K, 1 young (1024K), 1 survivors (1024K)
 Metaspace       used 25719K, committed 26048K, reserved 1114112K
  class space    used 3418K, committed 3584K, reserved 1048576K
}
Event: 4.096 GC heap before
{Heap before GC invocations=7 (full 0):
 garbage-first heap   total 58368K, used 40445K [0x0000000082200000, 0x0000000100000000)
  region size 1024K, 24 young (24576K), 1 survivors (1024K)
 Metaspace       used 27722K, committed 28032K, reserved 1114112K
  class space    used 3680K, committed 3840K, reserved 1048576K
}
Event: 4.103 GC heap after
{Heap after GC invocations=8 (full 0):
 garbage-first heap   total 87040K, used 19599K [0x0000000082200000, 0x0000000100000000)
  region size 1024K, 3 young (3072K), 3 survivors (3072K)
 Metaspace       used 27722K, committed 28032K, reserved 1114112K
  class space    used 3680K, committed 3840K, reserved 1048576K
}

