# JRE version: OpenJDK Runtime Environment Temurin-17.0.17+10 (17.0.17+10) (build 17.0.17+10)
# Java VM: OpenJDK 64-Bit Server VM Temurin-17.0.17+10 (17.0.17+10, mixed mode, sharing, tiered, compressed oops, compressed class ptrs, g1 gc, windows-amd64)
GC Precious Log:
 CPUs: 8 total, 8 available
 Memory: 8048M
 Large Page Support: Disabled
 NUMA Support: Disabled
 Compressed Oops: Enabled (32-bit)
 Heap Region Size: 1M
 Heap Min Capacity: 8M
 Heap Initial Capacity: 126M
 Heap Max Capacity: 2014M
 Pre-touch: Disabled
 Parallel Workers: 8
 Concurrent Workers: 2
 Concurrent Refinement Workers: 8
 Periodic GC: Disabled
Heap:
 garbage-first heap   total 199680K, used 114329K [0x0000000082200000, 0x0000000100000000)
  region size 1024K, 55 young (56320K), 13 survivors (13312K)
 Metaspace       used 34902K, committed 35328K, reserved 1114112K
  class space    used 4008K, committed 4224K, reserved 1048576K
GC Heap History (20 events):
Event: 1.853 GC heap before
{Heap before GC invocations=1 (full 0):
 garbage-first heap   total 129024K, used 35326K [0x0000000082200000, 0x0000000100000000)
  region size 1024K, 34 young (34816K), 3 survivors (3072K)
 Metaspace       used 7932K, committed 8064K, reserved 1114112K
  class space    used 957K, committed 1024K, reserved 1048576K
}
Event: 1.859 GC heap after
{Heap after GC invocations=2 (full 0):
 garbage-first heap   total 129024K, used 4703K [0x0000000082200000, 0x0000000100000000)
  region size 1024K, 2 young (2048K), 2 survivors (2048K)
 Metaspace       used 7932K, committed 8064K, reserved 1114112K
  class space    used 957K, committed 1024K, reserved 1048576K
}
Event: 4.014 GC heap before
{Heap before GC invocations=2 (full 0):
 garbage-first heap   total 129024K, used 79455K [0x0000000082200000, 0x0000000100000000)
  region size 1024K, 75 young (76800K), 2 survivors (2048K)
 Metaspace       used 15281K, committed 15424K, reserved 1114112K
  class space    used 1849K, committed 1920K, reserved 1048576K
}
Event: 4.033 GC heap after
{Heap after GC invocations=3 (full 0):
 garbage-first heap   total 129024K, used 12429K [0x0000000082200000, 0x0000000100000000)
  region size 1024K, 9 young (9216K), 9 survivors (9216K)
 Metaspace       used 15281K, committed 15424K, reserved 1114112K
  class space    used 1849K, committed 1920K, reserved 1048576K
}
Event: 5.538 GC heap before
{Heap before GC invocations=3 (full 0):
 garbage-first heap   total 129024K, used 80013K [0x0000000082200000, 0x0000000100000000)
  region size 1024K, 75 young (76800K), 9 survivors (9216K)
 Metaspace       used 16309K, committed 16512K, reserved 1114112K
  class space    used 1905K, committed 1984K, reserved 1048576K
}
Event: 5.549 GC heap after
{Heap after GC invocations=4 (full 0):
 garbage-first heap   total 129024K, used 15607K [0x0000000082200000, 0x0000000100000000)
  region size 1024K, 4 young (4096K), 4 survivors (4096K)
 Metaspace       used 16309K, committed 16512K, reserved 1114112K
  class space    used 1905K, committed 1984K, reserved 1048576K
}
Event: 6.882 GC heap before
{Heap before GC invocations=4 (full 0):
 garbage-first heap   total 129024K, used 62711K [0x0000000082200000, 0x0000000100000000)
  region size 1024K, 46 young (47104K), 4 survivors (4096K)
 Metaspace       used 21236K, committed 21504K, reserved 1114112K
  class space    used 2503K, committed 2624K, reserved 1048576K
}
Event: 6.898 GC heap after
{Heap after GC invocations=5 (full 0):
 garbage-first heap   total 129024K, used 24099K [0x0000000082200000, 0x0000000100000000)
  region size 1024K, 9 young (9216K), 9 survivors (9216K)
 Metaspace       used 21236K, committed 21504K, reserved 1114112K
  class space    used 2503K, committed 2624K, reserved 1048576K
}
Event: 8.349 GC heap before
{Heap before GC invocations=6 (full 0):
 garbage-first heap   total 89088K, used 69155K [0x0000000082200000, 0x0000000100000000)
  region size 1024K, 52 young (53248K), 9 survivors (9216K)
 Metaspace       used 25769K, committed 26112K, reserved 1114112K
  class space    used 3014K, committed 3136K, reserved 1048576K
}
Event: 8.385 GC heap after
{Heap after GC invocations=7 (full 0):
 garbage-first heap   total 94208K, used 38243K [0x0000000082200000, 0x0000000100000000)
  region size 1024K, 7 young (7168K), 7 survivors (7168K)
 Metaspace       used 25769K, committed 26112K, reserved 1114112K
  class space    used 3014K, committed 3136K, reserved 1048576K
}
Event: 8.391 GC heap before
{Heap before GC invocations=7 (full 0):
 garbage-first heap   total 94208K, used 39267K [0x0000000082200000, 0x0000000100000000)
  region size 1024K, 8 young (8192K), 7 survivors (7168K)
 Metaspace       used 25814K, committed 26112K, reserved 1114112K
  class space    used 3018K, committed 3136K, reserved 1048576K
}
Event: 8.399 GC heap after
{Heap after GC invocations=8 (full 0):
 garbage-first heap   total 94208K, used 39936K [0x0000000082200000, 0x0000000100000000)
  region size 1024K, 1 young (1024K), 1 survivors (1024K)
 Metaspace       used 25814K, committed 26112K, reserved 1114112K
  class space    used 3018K, committed 3136K, reserved 1048576K
}
Event: 8.931 GC heap before
{Heap before GC invocations=8 (full 0):
 garbage-first heap   total 94208K, used 67584K [0x0000000082200000, 0x0000000100000000)
  region size 1024K, 29 young (29696K), 1 survivors (1024K)
 Metaspace       used 26962K, committed 27264K, reserved 1114112K
  class space    used 3129K, committed 3264K, reserved 1048576K
}
Event: 8.938 GC heap after
{Heap after GC invocations=9 (full 0):
 garbage-first heap   total 94208K, used 42669K [0x0000000082200000, 0x0000000100000000)
  region size 1024K, 4 young (4096K), 4 survivors (4096K)
 Metaspace       used 26962K, committed 27264K, reserved 1114112K
  class space    used 3129K, committed 3264K, reserved 1048576K
}
Event: 9.461 GC heap before
{Heap before GC invocations=9 (full 0):
 garbage-first heap   total 94208K, used 70317K [0x0000000082200000, 0x0000000100000000)
  region size 1024K, 31 young (31744K), 4 survivors (4096K)
 Metaspace       used 28448K, committed 28864K, reserved 1114112K
  class space    used 3301K, committed 3456K, reserved 1048576K
}
Event: 9.469 GC heap after
{Heap after GC invocations=10 (full 0):
 garbage-first heap   total 94208K, used 43635K [0x0000000082200000, 0x0000000100000000)
  region size 1024K, 1 young (1024K), 1 survivors (1024K)
 Metaspace       used 28448K, committed 28864K, reserved 1114112K
  class space    used 3301K, committed 3456K, reserved 1048576K
}
Event: 10.375 GC heap before
{Heap before GC invocations=10 (full 0):
 garbage-first heap   total 94208K, used 70259K [0x0000000082200000, 0x0000000100000000)
  region size 1024K, 28 young (28672K), 1 survivors (1024K)
 Metaspace       used 29980K, committed 30400K, reserved 1114112K
  class space    used 3482K, committed 3712K, reserved 1048576K
}
Event: 10.390 GC heap after
{Heap after GC invocations=11 (full 0):
 garbage-first heap   total 199680K, used 43980K [0x0000000082200000, 0x0000000100000000)
  region size 1024K, 3 young (3072K), 3 survivors (3072K)
 Metaspace       used 29980K, committed 30400K, reserved 1114112K
  class space    used 3482K, committed 3712K, reserved 1048576K
}
Event: 12.172 GC heap before
{Heap before GC invocations=11 (full 0):
 garbage-first heap   total 199680K, used 148428K [0x0000000082200000, 0x0000000100000000)
  region size 1024K, 98 young (100352K), 3 survivors (3072K)
 Metaspace       used 31528K, committed 31936K, reserved 1114112K
  class space    used 3652K, committed 3840K, reserved 1048576K
}
Event: 12.191 GC heap after
{Heap after GC invocations=12 (full 0):
 garbage-first heap   total 199680K, used 72345K [0x0000000082200000, 0x0000000100000000)
  region size 1024K, 13 young (13312K), 13 survivors (13312K)
 Metaspace       used 31528K, committed 31936K, reserved 1114112K
  class space    used 3652K, committed 3840K, reserved 1048576K
}

